2018.05.14 at 20:03:38 GMT+08:00 INFO  org.springframework.boot.StartupInfoLogger logStarting() @48 - Starting Application on MSI with PID 19036 (D:\xiaoti\deploy-workspace\xmqbeast-redis-parent\xmqbeast-redis-springboot\target\classes started by msi- in D:\xiaoti\deploy-workspace\xmqbeast-redis-parent\xmqbeast-redis-springboot)
2018.05.14 at 20:03:38 GMT+08:00 INFO  org.springframework.boot.SpringApplication logStartupProfileInfo() @666 - No active profile set, falling back to default profiles: default
2018.05.14 at 20:03:38 GMT+08:00 INFO  org.springframework.context.support.AbstractApplicationContext prepareRefresh() @578 - Refreshing org.springframework.boot.context.embedded.AnnotationConfigEmbeddedWebApplicationContext@613a8ee1: startup date [Mon May 14 20:03:38 GMT+08:00 2018]; root of context hierarchy
2018.05.14 at 20:03:39 GMT+08:00 INFO  org.hibernate.validator.internal.util.Version <clinit>() @17 - HV000001: Hibernate Validator 5.2.2.Final
2018.05.14 at 20:03:39 GMT+08:00 INFO  org.springframework.beans.factory.support.DefaultListableBeanFactory registerBeanDefinition() @839 - Overriding bean definition for bean 'beanNameViewResolver' with a different definition: replacing [Root bean: class [null]; scope=; abstract=false; lazyInit=false; autowireMode=3; dependencyCheck=0; autowireCandidate=true; primary=false; factoryBeanName=org.springframework.boot.autoconfigure.web.ErrorMvcAutoConfiguration$WhitelabelErrorViewConfiguration; factoryMethodName=beanNameViewResolver; initMethodName=null; destroyMethodName=(inferred); defined in class path resource [org/springframework/boot/autoconfigure/web/ErrorMvcAutoConfiguration$WhitelabelErrorViewConfiguration.class]] with [Root bean: class [null]; scope=; abstract=false; lazyInit=false; autowireMode=3; dependencyCheck=0; autowireCandidate=true; primary=false; factoryBeanName=org.springframework.boot.autoconfigure.web.WebMvcAutoConfiguration$WebMvcAutoConfigurationAdapter; factoryMethodName=beanNameViewResolver; initMethodName=null; destroyMethodName=(inferred); defined in class path resource [org/springframework/boot/autoconfigure/web/WebMvcAutoConfiguration$WebMvcAutoConfigurationAdapter.class]]
2018.05.14 at 20:03:40 GMT+08:00 INFO  org.springframework.context.support.PostProcessorRegistrationDelegate$BeanPostProcessorChecker postProcessAfterInitialization() @328 - Bean 'redisConfig' of type [class com.xmqbeast.redis.config.RedisConfig$$EnhancerBySpringCGLIB$$e1a4c419] is not eligible for getting processed by all BeanPostProcessors (for example: not eligible for auto-proxying)
2018.05.14 at 20:03:40 GMT+08:00 INFO  org.springframework.context.support.PostProcessorRegistrationDelegate$BeanPostProcessorChecker postProcessAfterInitialization() @328 - Bean 'keyGenerator' of type [class com.xmqbeast.redis.config.RedisConfig$1] is not eligible for getting processed by all BeanPostProcessors (for example: not eligible for auto-proxying)
2018.05.14 at 20:03:40 GMT+08:00 INFO  org.springframework.context.support.PostProcessorRegistrationDelegate$BeanPostProcessorChecker postProcessAfterInitialization() @328 - Bean 'org.springframework.cache.annotation.ProxyCachingConfiguration' of type [class org.springframework.cache.annotation.ProxyCachingConfiguration$$EnhancerBySpringCGLIB$$3bf878f0] is not eligible for getting processed by all BeanPostProcessors (for example: not eligible for auto-proxying)
2018.05.14 at 20:03:41 GMT+08:00 INFO  org.springframework.boot.context.embedded.tomcat.TomcatEmbeddedServletContainer initialize() @81 - Tomcat initialized with port(s): 80 (http)
2018.05.14 at 20:03:41 GMT+08:00 INFO  org.apache.juli.logging.DirectJDKLog log() @180 - Starting service Tomcat
2018.05.14 at 20:03:41 GMT+08:00 INFO  org.apache.juli.logging.DirectJDKLog log() @180 - Starting Servlet Engine: Apache Tomcat/8.0.30
2018.05.14 at 20:03:41 GMT+08:00 INFO  org.apache.juli.logging.DirectJDKLog log() @180 - Initializing Spring embedded WebApplicationContext
2018.05.14 at 20:03:41 GMT+08:00 INFO  org.springframework.boot.context.embedded.EmbeddedWebApplicationContext prepareEmbeddedWebApplicationContext() @272 - Root WebApplicationContext: initialization completed in 2617 ms
2018.05.14 at 20:03:41 GMT+08:00 INFO  org.springframework.boot.context.embedded.ServletRegistrationBean onStartup() @189 - Mapping servlet: 'dispatcherServlet' to [/]
2018.05.14 at 20:03:41 GMT+08:00 INFO  org.springframework.boot.context.embedded.AbstractFilterRegistrationBean configure() @258 - Mapping filter: 'characterEncodingFilter' to: [/*]
2018.05.14 at 20:03:41 GMT+08:00 INFO  org.springframework.boot.context.embedded.AbstractFilterRegistrationBean configure() @258 - Mapping filter: 'hiddenHttpMethodFilter' to: [/*]
2018.05.14 at 20:03:41 GMT+08:00 INFO  org.springframework.boot.context.embedded.AbstractFilterRegistrationBean configure() @258 - Mapping filter: 'httpPutFormContentFilter' to: [/*]
2018.05.14 at 20:03:41 GMT+08:00 INFO  org.springframework.boot.context.embedded.AbstractFilterRegistrationBean configure() @258 - Mapping filter: 'requestContextFilter' to: [/*]
2018.05.14 at 20:03:42 GMT+08:00 INFO  org.springframework.web.servlet.mvc.method.annotation.RequestMappingHandlerAdapter initControllerAdviceCache() @532 - Looking for @ControllerAdvice: org.springframework.boot.context.embedded.AnnotationConfigEmbeddedWebApplicationContext@613a8ee1: startup date [Mon May 14 20:03:38 GMT+08:00 2018]; root of context hierarchy
2018.05.14 at 20:03:42 GMT+08:00 INFO  org.springframework.web.servlet.handler.AbstractHandlerMethodMapping$MappingRegistry register() @527 - Mapped "{[/string/get],methods=[GET]}" onto public java.lang.String com.xmqbeast.redis.controller.ApiController.get()
2018.05.14 at 20:03:42 GMT+08:00 INFO  org.springframework.web.servlet.handler.AbstractHandlerMethodMapping$MappingRegistry register() @527 - Mapped "{[/string/set],methods=[GET]}" onto public java.lang.Integer com.xmqbeast.redis.controller.ApiController.set()
2018.05.14 at 20:03:42 GMT+08:00 INFO  org.springframework.web.servlet.handler.AbstractHandlerMethodMapping$MappingRegistry register() @527 - Mapped "{[/del],methods=[GET]}" onto public java.lang.Integer com.xmqbeast.redis.controller.ApiController.del()
2018.05.14 at 20:03:42 GMT+08:00 INFO  org.springframework.web.servlet.handler.AbstractHandlerMethodMapping$MappingRegistry register() @527 - Mapped "{[/isCompany/{company}],methods=[GET]}" onto public java.lang.Integer com.xmqbeast.redis.controller.ApiController.isCompamy(java.lang.String)
2018.05.14 at 20:03:42 GMT+08:00 INFO  org.springframework.web.servlet.handler.AbstractHandlerMethodMapping$MappingRegistry register() @527 - Mapped "{[/add],methods=[GET]}" onto public java.lang.Integer com.xmqbeast.redis.controller.ApiController.isCompamy()
2018.05.14 at 20:03:42 GMT+08:00 INFO  org.springframework.web.servlet.handler.AbstractHandlerMethodMapping$MappingRegistry register() @527 - Mapped "{[/error]}" onto public org.springframework.http.ResponseEntity<java.util.Map<java.lang.String, java.lang.Object>> org.springframework.boot.autoconfigure.web.BasicErrorController.error(javax.servlet.http.HttpServletRequest)
2018.05.14 at 20:03:42 GMT+08:00 INFO  org.springframework.web.servlet.handler.AbstractHandlerMethodMapping$MappingRegistry register() @527 - Mapped "{[/error],produces=[text/html]}" onto public org.springframework.web.servlet.ModelAndView org.springframework.boot.autoconfigure.web.BasicErrorController.errorHtml(javax.servlet.http.HttpServletRequest,javax.servlet.http.HttpServletResponse)
2018.05.14 at 20:03:42 GMT+08:00 INFO  org.springframework.web.servlet.handler.AbstractUrlHandlerMapping registerHandler() @341 - Mapped URL path [/webjars/**] onto handler of type [class org.springframework.web.servlet.resource.ResourceHttpRequestHandler]
2018.05.14 at 20:03:42 GMT+08:00 INFO  org.springframework.web.servlet.handler.AbstractUrlHandlerMapping registerHandler() @341 - Mapped URL path [/**] onto handler of type [class org.springframework.web.servlet.resource.ResourceHttpRequestHandler]
2018.05.14 at 20:03:42 GMT+08:00 INFO  org.springframework.web.servlet.handler.AbstractUrlHandlerMapping registerHandler() @341 - Mapped URL path [/**/favicon.ico] onto handler of type [class org.springframework.web.servlet.resource.ResourceHttpRequestHandler]
2018.05.14 at 20:03:42 GMT+08:00 INFO  org.springframework.jmx.export.MBeanExporter afterSingletonsInstantiated() @431 - Registering beans for JMX exposure on startup
2018.05.14 at 20:03:42 GMT+08:00 INFO  org.apache.juli.logging.DirectJDKLog log() @180 - Initializing ProtocolHandler ["http-nio-80"]
2018.05.14 at 20:03:42 GMT+08:00 INFO  org.apache.juli.logging.DirectJDKLog log() @180 - Starting ProtocolHandler ["http-nio-80"]
2018.05.14 at 20:03:42 GMT+08:00 INFO  org.apache.juli.logging.DirectJDKLog log() @180 - Using a shared selector for servlet write/read
2018.05.14 at 20:03:42 GMT+08:00 INFO  org.springframework.boot.context.embedded.tomcat.TomcatEmbeddedServletContainer start() @162 - Tomcat started on port(s): 80 (http)
2018.05.14 at 20:03:42 GMT+08:00 INFO  org.springframework.boot.StartupInfoLogger logStarted() @57 - Started Application in 4.325 seconds (JVM running for 5.352)
2018.05.14 at 20:04:49 GMT+08:00 INFO  org.springframework.boot.StartupInfoLogger logStarting() @48 - Starting Application on MSI with PID 21556 (D:\xiaoti\deploy-workspace\xmqbeast-redis-parent\xmqbeast-redis-springboot\target\classes started by msi- in D:\xiaoti\deploy-workspace\xmqbeast-redis-parent\xmqbeast-redis-springboot)
2018.05.14 at 20:04:49 GMT+08:00 INFO  org.springframework.boot.SpringApplication logStartupProfileInfo() @666 - No active profile set, falling back to default profiles: default
2018.05.14 at 20:04:49 GMT+08:00 INFO  org.springframework.context.support.AbstractApplicationContext prepareRefresh() @578 - Refreshing org.springframework.boot.context.embedded.AnnotationConfigEmbeddedWebApplicationContext@67c2e933: startup date [Mon May 14 20:04:49 GMT+08:00 2018]; root of context hierarchy
2018.05.14 at 20:04:49 GMT+08:00 INFO  org.hibernate.validator.internal.util.Version <clinit>() @17 - HV000001: Hibernate Validator 5.2.2.Final
2018.05.14 at 20:04:50 GMT+08:00 INFO  org.springframework.beans.factory.support.DefaultListableBeanFactory registerBeanDefinition() @839 - Overriding bean definition for bean 'beanNameViewResolver' with a different definition: replacing [Root bean: class [null]; scope=; abstract=false; lazyInit=false; autowireMode=3; dependencyCheck=0; autowireCandidate=true; primary=false; factoryBeanName=org.springframework.boot.autoconfigure.web.ErrorMvcAutoConfiguration$WhitelabelErrorViewConfiguration; factoryMethodName=beanNameViewResolver; initMethodName=null; destroyMethodName=(inferred); defined in class path resource [org/springframework/boot/autoconfigure/web/ErrorMvcAutoConfiguration$WhitelabelErrorViewConfiguration.class]] with [Root bean: class [null]; scope=; abstract=false; lazyInit=false; autowireMode=3; dependencyCheck=0; autowireCandidate=true; primary=false; factoryBeanName=org.springframework.boot.autoconfigure.web.WebMvcAutoConfiguration$WebMvcAutoConfigurationAdapter; factoryMethodName=beanNameViewResolver; initMethodName=null; destroyMethodName=(inferred); defined in class path resource [org/springframework/boot/autoconfigure/web/WebMvcAutoConfiguration$WebMvcAutoConfigurationAdapter.class]]
2018.05.14 at 20:04:51 GMT+08:00 INFO  org.springframework.context.support.PostProcessorRegistrationDelegate$BeanPostProcessorChecker postProcessAfterInitialization() @328 - Bean 'redisConfig' of type [class com.xmqbeast.redis.config.RedisConfig$$EnhancerBySpringCGLIB$$df2cc64f] is not eligible for getting processed by all BeanPostProcessors (for example: not eligible for auto-proxying)
2018.05.14 at 20:04:51 GMT+08:00 INFO  org.springframework.context.support.PostProcessorRegistrationDelegate$BeanPostProcessorChecker postProcessAfterInitialization() @328 - Bean 'keyGenerator' of type [class com.xmqbeast.redis.config.RedisConfig$1] is not eligible for getting processed by all BeanPostProcessors (for example: not eligible for auto-proxying)
2018.05.14 at 20:04:51 GMT+08:00 INFO  org.springframework.context.support.PostProcessorRegistrationDelegate$BeanPostProcessorChecker postProcessAfterInitialization() @328 - Bean 'org.springframework.cache.annotation.ProxyCachingConfiguration' of type [class org.springframework.cache.annotation.ProxyCachingConfiguration$$EnhancerBySpringCGLIB$$39807b26] is not eligible for getting processed by all BeanPostProcessors (for example: not eligible for auto-proxying)
2018.05.14 at 20:04:51 GMT+08:00 INFO  org.springframework.boot.context.embedded.tomcat.TomcatEmbeddedServletContainer initialize() @81 - Tomcat initialized with port(s): 80 (http)
2018.05.14 at 20:04:51 GMT+08:00 INFO  org.apache.juli.logging.DirectJDKLog log() @180 - Starting service Tomcat
2018.05.14 at 20:04:51 GMT+08:00 INFO  org.apache.juli.logging.DirectJDKLog log() @180 - Starting Servlet Engine: Apache Tomcat/8.0.30
2018.05.14 at 20:04:51 GMT+08:00 INFO  org.apache.juli.logging.DirectJDKLog log() @180 - Initializing Spring embedded WebApplicationContext
2018.05.14 at 20:04:51 GMT+08:00 INFO  org.springframework.boot.context.embedded.EmbeddedWebApplicationContext prepareEmbeddedWebApplicationContext() @272 - Root WebApplicationContext: initialization completed in 2454 ms
2018.05.14 at 20:04:52 GMT+08:00 INFO  org.springframework.boot.context.embedded.ServletRegistrationBean onStartup() @189 - Mapping servlet: 'dispatcherServlet' to [/]
2018.05.14 at 20:04:52 GMT+08:00 INFO  org.springframework.boot.context.embedded.AbstractFilterRegistrationBean configure() @258 - Mapping filter: 'characterEncodingFilter' to: [/*]
2018.05.14 at 20:04:52 GMT+08:00 INFO  org.springframework.boot.context.embedded.AbstractFilterRegistrationBean configure() @258 - Mapping filter: 'hiddenHttpMethodFilter' to: [/*]
2018.05.14 at 20:04:52 GMT+08:00 INFO  org.springframework.boot.context.embedded.AbstractFilterRegistrationBean configure() @258 - Mapping filter: 'httpPutFormContentFilter' to: [/*]
2018.05.14 at 20:04:52 GMT+08:00 INFO  org.springframework.boot.context.embedded.AbstractFilterRegistrationBean configure() @258 - Mapping filter: 'requestContextFilter' to: [/*]
2018.05.14 at 20:04:52 GMT+08:00 INFO  org.springframework.web.servlet.mvc.method.annotation.RequestMappingHandlerAdapter initControllerAdviceCache() @532 - Looking for @ControllerAdvice: org.springframework.boot.context.embedded.AnnotationConfigEmbeddedWebApplicationContext@67c2e933: startup date [Mon May 14 20:04:49 GMT+08:00 2018]; root of context hierarchy
2018.05.14 at 20:04:52 GMT+08:00 INFO  org.springframework.web.servlet.handler.AbstractHandlerMethodMapping$MappingRegistry register() @527 - Mapped "{[/string/get],methods=[GET]}" onto public java.lang.String com.xmqbeast.redis.controller.ApiController.get()
2018.05.14 at 20:04:52 GMT+08:00 INFO  org.springframework.web.servlet.handler.AbstractHandlerMethodMapping$MappingRegistry register() @527 - Mapped "{[/string/set],methods=[GET]}" onto public java.lang.Integer com.xmqbeast.redis.controller.ApiController.set()
2018.05.14 at 20:04:52 GMT+08:00 INFO  org.springframework.web.servlet.handler.AbstractHandlerMethodMapping$MappingRegistry register() @527 - Mapped "{[/add],methods=[GET]}" onto public java.lang.Integer com.xmqbeast.redis.controller.ApiController.isCompamy()
2018.05.14 at 20:04:52 GMT+08:00 INFO  org.springframework.web.servlet.handler.AbstractHandlerMethodMapping$MappingRegistry register() @527 - Mapped "{[/isCompany/{company}],methods=[GET]}" onto public java.lang.Integer com.xmqbeast.redis.controller.ApiController.isCompamy(java.lang.String)
2018.05.14 at 20:04:52 GMT+08:00 INFO  org.springframework.web.servlet.handler.AbstractHandlerMethodMapping$MappingRegistry register() @527 - Mapped "{[/del],methods=[GET]}" onto public java.lang.Integer com.xmqbeast.redis.controller.ApiController.del()
2018.05.14 at 20:04:52 GMT+08:00 INFO  org.springframework.web.servlet.handler.AbstractHandlerMethodMapping$MappingRegistry register() @527 - Mapped "{[/error]}" onto public org.springframework.http.ResponseEntity<java.util.Map<java.lang.String, java.lang.Object>> org.springframework.boot.autoconfigure.web.BasicErrorController.error(javax.servlet.http.HttpServletRequest)
2018.05.14 at 20:04:52 GMT+08:00 INFO  org.springframework.web.servlet.handler.AbstractHandlerMethodMapping$MappingRegistry register() @527 - Mapped "{[/error],produces=[text/html]}" onto public org.springframework.web.servlet.ModelAndView org.springframework.boot.autoconfigure.web.BasicErrorController.errorHtml(javax.servlet.http.HttpServletRequest,javax.servlet.http.HttpServletResponse)
2018.05.14 at 20:04:52 GMT+08:00 INFO  org.springframework.web.servlet.handler.AbstractUrlHandlerMapping registerHandler() @341 - Mapped URL path [/webjars/**] onto handler of type [class org.springframework.web.servlet.resource.ResourceHttpRequestHandler]
2018.05.14 at 20:04:52 GMT+08:00 INFO  org.springframework.web.servlet.handler.AbstractUrlHandlerMapping registerHandler() @341 - Mapped URL path [/**] onto handler of type [class org.springframework.web.servlet.resource.ResourceHttpRequestHandler]
2018.05.14 at 20:04:52 GMT+08:00 INFO  org.springframework.web.servlet.handler.AbstractUrlHandlerMapping registerHandler() @341 - Mapped URL path [/**/favicon.ico] onto handler of type [class org.springframework.web.servlet.resource.ResourceHttpRequestHandler]
2018.05.14 at 20:04:53 GMT+08:00 INFO  org.springframework.jmx.export.MBeanExporter afterSingletonsInstantiated() @431 - Registering beans for JMX exposure on startup
2018.05.14 at 20:04:53 GMT+08:00 INFO  org.apache.juli.logging.DirectJDKLog log() @180 - Initializing ProtocolHandler ["http-nio-80"]
2018.05.14 at 20:04:53 GMT+08:00 INFO  org.apache.juli.logging.DirectJDKLog log() @180 - Starting ProtocolHandler ["http-nio-80"]
2018.05.14 at 20:04:53 GMT+08:00 INFO  org.apache.juli.logging.DirectJDKLog log() @180 - Using a shared selector for servlet write/read
2018.05.14 at 20:04:53 GMT+08:00 INFO  org.springframework.boot.context.embedded.tomcat.TomcatEmbeddedServletContainer start() @162 - Tomcat started on port(s): 80 (http)
2018.05.14 at 20:04:53 GMT+08:00 INFO  org.springframework.boot.StartupInfoLogger logStarted() @57 - Started Application in 4.085 seconds (JVM running for 4.906)
2018.05.14 at 20:05:10 GMT+08:00 INFO  org.apache.juli.logging.DirectJDKLog log() @180 - Initializing Spring FrameworkServlet 'dispatcherServlet'
2018.05.14 at 20:05:10 GMT+08:00 INFO  org.springframework.web.servlet.FrameworkServlet initServletBean() @489 - FrameworkServlet 'dispatcherServlet': initialization started
2018.05.14 at 20:05:10 GMT+08:00 INFO  org.springframework.web.servlet.FrameworkServlet initServletBean() @508 - FrameworkServlet 'dispatcherServlet': initialization completed in 31 ms
